modules/expo-sms-manager/android/build/intermediates/manifest_merge_blame_file/debug/processDebugManifest/manifest-merger-blame-debug-report.txt
1<?xml version="1.0" encoding="utf-8"?>
2<manifest xmlns:android="http://schemas.android.com/apk/res/android"
3    package="expo.modules.smsmanager" >
4
5    <uses-sdk android:minSdkVersion="24" />
6
7    <application>
7-->src/main/AndroidManifest.xml:2:5-5:19
8        <receiver
8-->src/main/AndroidManifest.xml:3:9-83
9            android:name="expo.modules.smsmanager.SmsSchedulerReceiver"
9-->src/main/AndroidManifest.xml:3:19-55
10            android:exported="false" />
10-->src/main/AndroidManifest.xml:3:56-80
11        <receiver
11-->src/main/AndroidManifest.xml:4:9-82
12            android:name="expo.modules.smsmanager.SmsReminderReceiver"
12-->src/main/AndroidManifest.xml:4:19-54
13            android:exported="false" />
13-->src/main/AndroidManifest.xml:4:55-79
14    </application>
15
16</manifest>